Serializer Back Up Made 	20/01/2021 3:48:24 PM
Serializer Project Saved 	20/01/2021 3:48:24 PM
Serializer Load Data Read 	20/01/2021 3:59:22 PM
Serializer Data Processed 	20/01/2021 3:59:22 PM
Serializer Object Parenting Complete 	20/01/2021 3:59:23 PM
Serializer Project Loaded 	20/01/2021 3:59:23 PM
Serializer Load Data Read 	20/01/2021 3:59:23 PM
Serializer Data Processed 	20/01/2021 3:59:23 PM
Serializer Object Parenting Complete 	20/01/2021 3:59:23 PM
Serializer Project Loaded 	20/01/2021 3:59:23 PM
Serializer Load Data Read 	20/01/2021 4:00:13 PM
Serializer Data Processed 	20/01/2021 4:00:13 PM
Serializer Object Parenting Complete 	20/01/2021 4:00:13 PM
Serializer Project Loaded 	20/01/2021 4:00:13 PM
Serializer Load Data Read 	20/01/2021 4:00:13 PM
Serializer Data Processed 	20/01/2021 4:00:13 PM
Serializer Object Parenting Complete 	20/01/2021 4:00:13 PM
Serializer Project Loaded 	20/01/2021 4:00:13 PM
Serializer Load Data Read 	20/01/2021 4:02:29 PM
Serializer Data Processed 	20/01/2021 4:02:29 PM
Serializer Object Parenting Complete 	20/01/2021 4:02:29 PM
Serializer Project Loaded 	20/01/2021 4:02:29 PM
Serializer Load Data Read 	20/01/2021 4:02:29 PM
Serializer Data Processed 	20/01/2021 4:02:29 PM
Serializer Object Parenting Complete 	20/01/2021 4:02:29 PM
Serializer Project Loaded 	20/01/2021 4:02:29 PM
Serializer Load Data Read 	20/01/2021 4:16:39 PM
Serializer Data Processed 	20/01/2021 4:16:39 PM
Serializer Object Parenting Complete 	20/01/2021 4:16:39 PM
Serializer Project Loaded 	20/01/2021 4:16:39 PM
Serializer Load Data Read 	20/01/2021 4:16:39 PM
Serializer Data Processed 	20/01/2021 4:16:39 PM
Serializer Object Parenting Complete 	20/01/2021 4:16:39 PM
Serializer Project Loaded 	20/01/2021 4:16:39 PM
Serializer Load Data Read 	20/01/2021 4:22:18 PM
Serializer Data Processed 	20/01/2021 4:22:18 PM
Serializer Object Parenting Complete 	20/01/2021 4:22:18 PM
Serializer Project Loaded 	20/01/2021 4:22:18 PM
Serializer Load Data Read 	20/01/2021 4:22:18 PM
Serializer Data Processed 	20/01/2021 4:22:18 PM
Serializer Object Parenting Complete 	20/01/2021 4:22:18 PM
Serializer Project Loaded 	20/01/2021 4:22:18 PM
Serializer Load Data Read 	20/01/2021 4:25:10 PM
Serializer Data Processed 	20/01/2021 4:25:10 PM
Serializer Object Parenting Complete 	20/01/2021 4:25:10 PM
Serializer Project Loaded 	20/01/2021 4:25:10 PM
Serializer Load Data Read 	20/01/2021 4:25:10 PM
Serializer Data Processed 	20/01/2021 4:25:10 PM
Serializer Object Parenting Complete 	20/01/2021 4:25:10 PM
Serializer Project Loaded 	20/01/2021 4:25:10 PM
Serializer Load Data Read 	20/01/2021 4:25:43 PM
Serializer Data Processed 	20/01/2021 4:25:43 PM
Serializer Object Parenting Complete 	20/01/2021 4:25:43 PM
Serializer Project Loaded 	20/01/2021 4:25:43 PM
Serializer Load Data Read 	20/01/2021 4:25:43 PM
Serializer Data Processed 	20/01/2021 4:25:43 PM
Serializer Object Parenting Complete 	20/01/2021 4:25:43 PM
Serializer Project Loaded 	20/01/2021 4:25:44 PM
Serializer Load Data Read 	20/01/2021 4:26:17 PM
Serializer Data Processed 	20/01/2021 4:26:17 PM
Serializer Object Parenting Complete 	20/01/2021 4:26:17 PM
Serializer Project Loaded 	20/01/2021 4:26:17 PM
