Serializer Back Up Made 	11/02/2021 10:29:22 AM
Serializer Project Saved 	11/02/2021 10:29:22 AM
Serializer Load Data Read 	11/02/2021 1:28:24 PM
Serializer Data Processed 	11/02/2021 1:28:24 PM
Serializer Object Parenting Complete 	11/02/2021 1:28:24 PM
Serializer Project Loaded 	11/02/2021 1:28:24 PM
Serializer Load Data Read 	11/02/2021 1:29:44 PM
Serializer Data Processed 	11/02/2021 1:29:44 PM
Serializer Object Parenting Complete 	11/02/2021 1:29:44 PM
Serializer Project Loaded 	11/02/2021 1:29:44 PM
Serializer Back Up Made 	11/02/2021 1:30:01 PM
Serializer Project Saved 	11/02/2021 1:30:01 PM
Serializer Load Data Read 	11/02/2021 1:58:03 PM
Serializer Data Processed 	11/02/2021 1:58:03 PM
Serializer Object Parenting Complete 	11/02/2021 1:58:03 PM
Serializer Project Loaded 	11/02/2021 1:58:03 PM
Serializer Back Up Made 	11/02/2021 1:58:29 PM
Serializer Project Saved 	11/02/2021 1:58:29 PM
Serializer Load Data Read 	11/02/2021 2:22:08 PM
Serializer Data Processed 	11/02/2021 2:22:08 PM
Serializer Object Parenting Complete 	11/02/2021 2:22:08 PM
Serializer Project Loaded 	11/02/2021 2:22:08 PM
Serializer Back Up Made 	11/02/2021 2:22:21 PM
Serializer Project Saved 	11/02/2021 2:22:21 PM
Serializer Load Data Read 	11/02/2021 2:22:31 PM
Serializer Data Processed 	11/02/2021 2:22:31 PM
Serializer Object Parenting Complete 	11/02/2021 2:22:31 PM
Serializer Project Loaded 	11/02/2021 2:22:31 PM
Serializer Back Up Made 	11/02/2021 2:22:42 PM
Serializer Project Saved 	11/02/2021 2:22:42 PM
Serializer Load Data Read 	11/02/2021 2:23:01 PM
Serializer Data Processed 	11/02/2021 2:23:01 PM
Serializer Object Parenting Complete 	11/02/2021 2:23:01 PM
Serializer Project Loaded 	11/02/2021 2:23:01 PM
Serializer Back Up Made 	11/02/2021 2:23:12 PM
Serializer Project Saved 	11/02/2021 2:23:12 PM
Serializer Load Data Read 	11/02/2021 2:23:23 PM
Serializer Data Processed 	11/02/2021 2:23:23 PM
Serializer Object Parenting Complete 	11/02/2021 2:23:23 PM
Serializer Project Loaded 	11/02/2021 2:23:23 PM
Serializer Back Up Made 	11/02/2021 2:23:38 PM
Serializer Project Saved 	11/02/2021 2:23:39 PM
Serializer Load Data Read 	11/02/2021 2:23:54 PM
Serializer Data Processed 	11/02/2021 2:23:54 PM
Serializer Object Parenting Complete 	11/02/2021 2:23:54 PM
Serializer Project Loaded 	11/02/2021 2:23:54 PM
Serializer Back Up Made 	11/02/2021 2:24:03 PM
Serializer Project Saved 	11/02/2021 2:24:03 PM
Serializer Load Data Read 	11/02/2021 2:24:16 PM
Serializer Data Processed 	11/02/2021 2:24:16 PM
Serializer Object Parenting Complete 	11/02/2021 2:24:16 PM
Serializer Project Loaded 	11/02/2021 2:24:16 PM
Serializer Back Up Made 	11/02/2021 2:24:22 PM
Serializer Project Saved 	11/02/2021 2:24:22 PM
Serializer Load Data Read 	11/02/2021 2:24:33 PM
Serializer Data Processed 	11/02/2021 2:24:33 PM
Serializer Object Parenting Complete 	11/02/2021 2:24:33 PM
Serializer Project Loaded 	11/02/2021 2:24:33 PM
Serializer Back Up Made 	11/02/2021 2:24:40 PM
Serializer Project Saved 	11/02/2021 2:24:40 PM
Serializer Load Data Read 	11/02/2021 2:24:52 PM
Serializer Data Processed 	11/02/2021 2:24:52 PM
Serializer Object Parenting Complete 	11/02/2021 2:24:52 PM
Serializer Project Loaded 	11/02/2021 2:24:52 PM
Serializer Back Up Made 	11/02/2021 2:25:08 PM
Serializer Project Saved 	11/02/2021 2:25:08 PM
Serializer Load Data Read 	11/02/2021 2:25:23 PM
Serializer Data Processed 	11/02/2021 2:25:23 PM
Serializer Object Parenting Complete 	11/02/2021 2:25:23 PM
Serializer Project Loaded 	11/02/2021 2:25:23 PM
Serializer Back Up Made 	11/02/2021 2:25:32 PM
Serializer Project Saved 	11/02/2021 2:25:32 PM
Serializer Load Data Read 	11/02/2021 2:25:41 PM
Serializer Data Processed 	11/02/2021 2:25:41 PM
Serializer Object Parenting Complete 	11/02/2021 2:25:41 PM
Serializer Project Loaded 	11/02/2021 2:25:41 PM
Serializer Back Up Made 	11/02/2021 2:25:48 PM
Serializer Project Saved 	11/02/2021 2:25:48 PM
Serializer Load Data Read 	11/02/2021 2:26:08 PM
Serializer Data Processed 	11/02/2021 2:26:08 PM
Serializer Object Parenting Complete 	11/02/2021 2:26:08 PM
Serializer Project Loaded 	11/02/2021 2:26:08 PM
Serializer Back Up Made 	11/02/2021 2:26:13 PM
Serializer Project Saved 	11/02/2021 2:26:13 PM
Serializer Load Data Read 	11/02/2021 2:30:12 PM
Serializer Data Processed 	11/02/2021 2:30:12 PM
Serializer Object Parenting Complete 	11/02/2021 2:30:12 PM
Serializer Project Loaded 	11/02/2021 2:30:12 PM
Serializer Load Data Read 	11/02/2021 2:30:59 PM
Serializer Data Processed 	11/02/2021 2:30:59 PM
Serializer Object Parenting Complete 	11/02/2021 2:30:59 PM
Serializer Project Loaded 	11/02/2021 2:30:59 PM
Serializer Load Data Read 	11/02/2021 2:33:31 PM
Serializer Data Processed 	11/02/2021 2:33:31 PM
Serializer Object Parenting Complete 	11/02/2021 2:33:31 PM
Serializer Project Loaded 	11/02/2021 2:33:31 PM
Serializer Back Up Made 	11/02/2021 2:33:54 PM
Serializer Project Saved 	11/02/2021 2:33:54 PM
Serializer Load Data Read 	11/02/2021 2:36:16 PM
Serializer Data Processed 	11/02/2021 2:36:16 PM
Serializer Object Parenting Complete 	11/02/2021 2:36:16 PM
Serializer Project Loaded 	11/02/2021 2:36:16 PM
Serializer Back Up Made 	11/02/2021 2:36:25 PM
Serializer Project Saved 	11/02/2021 2:36:25 PM
Serializer Load Data Read 	11/02/2021 2:36:32 PM
Serializer Data Processed 	11/02/2021 2:36:32 PM
Serializer Object Parenting Complete 	11/02/2021 2:36:32 PM
Serializer Project Loaded 	11/02/2021 2:36:32 PM
Serializer Back Up Made 	11/02/2021 2:36:51 PM
Serializer Project Saved 	11/02/2021 2:36:51 PM
Serializer Load Data Read 	11/02/2021 2:37:03 PM
Serializer Data Processed 	11/02/2021 2:37:03 PM
Serializer Object Parenting Complete 	11/02/2021 2:37:03 PM
Serializer Project Loaded 	11/02/2021 2:37:03 PM
Serializer Back Up Made 	11/02/2021 2:37:09 PM
Serializer Project Saved 	11/02/2021 2:37:09 PM
Serializer Load Data Read 	11/02/2021 2:38:11 PM
Serializer Data Processed 	11/02/2021 2:38:11 PM
Serializer Object Parenting Complete 	11/02/2021 2:38:11 PM
Serializer Project Loaded 	11/02/2021 2:38:11 PM
Serializer Back Up Made 	11/02/2021 2:38:34 PM
Serializer Project Saved 	11/02/2021 2:38:34 PM
Serializer Load Data Read 	11/02/2021 2:40:35 PM
Serializer Data Processed 	11/02/2021 2:40:35 PM
Serializer Object Parenting Complete 	11/02/2021 2:40:35 PM
Serializer Project Loaded 	11/02/2021 2:40:35 PM
Serializer Back Up Made 	11/02/2021 2:40:52 PM
Serializer Project Saved 	11/02/2021 2:40:52 PM
Serializer Load Data Read 	11/02/2021 2:44:18 PM
Serializer Data Processed 	11/02/2021 2:44:18 PM
Serializer Object Parenting Complete 	11/02/2021 2:44:18 PM
Serializer Project Loaded 	11/02/2021 2:44:18 PM
Serializer Back Up Made 	11/02/2021 2:44:44 PM
Serializer Project Saved 	11/02/2021 2:44:45 PM
Serializer Load Data Read 	11/02/2021 2:46:18 PM
Serializer Data Processed 	11/02/2021 2:46:18 PM
Serializer Object Parenting Complete 	11/02/2021 2:46:18 PM
Serializer Project Loaded 	11/02/2021 2:46:18 PM
Serializer Load Data Read 	11/02/2021 2:49:21 PM
Serializer Data Processed 	11/02/2021 2:49:21 PM
Serializer Object Parenting Complete 	11/02/2021 2:49:21 PM
Serializer Project Loaded 	11/02/2021 2:49:21 PM
Serializer Load Data Read 	11/02/2021 2:50:49 PM
Serializer Data Processed 	11/02/2021 2:50:49 PM
Serializer Object Parenting Complete 	11/02/2021 2:50:49 PM
Serializer Project Loaded 	11/02/2021 2:50:49 PM
Serializer Back Up Made 	11/02/2021 2:51:07 PM
Serializer Project Saved 	11/02/2021 2:51:07 PM
Serializer Back Up Made 	11/02/2021 2:52:36 PM
Serializer Project Saved 	11/02/2021 2:52:36 PM
Serializer Load Data Read 	11/02/2021 2:52:47 PM
Serializer Data Processed 	11/02/2021 2:52:47 PM
Serializer Object Parenting Complete 	11/02/2021 2:52:47 PM
Serializer Project Loaded 	11/02/2021 2:52:47 PM
Serializer Back Up Made 	11/02/2021 2:53:49 PM
Serializer Project Saved 	11/02/2021 2:53:49 PM
Serializer Load Data Read 	11/02/2021 2:54:24 PM
Serializer Data Processed 	11/02/2021 2:54:24 PM
Serializer Object Parenting Complete 	11/02/2021 2:54:24 PM
Serializer Project Loaded 	11/02/2021 2:54:24 PM
Serializer Back Up Made 	11/02/2021 2:54:42 PM
Serializer Project Saved 	11/02/2021 2:54:42 PM
Serializer Load Data Read 	11/02/2021 2:55:43 PM
Serializer Data Processed 	11/02/2021 2:55:43 PM
Serializer Object Parenting Complete 	11/02/2021 2:55:43 PM
Serializer Project Loaded 	11/02/2021 2:55:43 PM
Serializer Back Up Made 	11/02/2021 2:56:26 PM
Serializer Project Saved 	11/02/2021 2:56:26 PM
