Serializer Back Up Made 	20/01/2021 5:46:07 PM
Serializer Project Saved 	20/01/2021 5:46:07 PM
Serializer Load Data Read 	20/01/2021 5:46:07 PM
Serializer Data Processed 	20/01/2021 5:46:07 PM
Serializer Object Parenting Complete 	20/01/2021 5:46:07 PM
Serializer Project Loaded 	20/01/2021 5:46:07 PM
Serializer Load Data Read 	20/01/2021 5:48:36 PM
Serializer Data Processed 	20/01/2021 5:48:36 PM
Serializer Object Parenting Complete 	20/01/2021 5:48:36 PM
Serializer Project Loaded 	20/01/2021 5:48:36 PM
Serializer Load Data Read 	20/01/2021 5:49:54 PM
Serializer Data Processed 	20/01/2021 5:49:54 PM
Serializer Object Parenting Complete 	20/01/2021 5:49:54 PM
Serializer Project Loaded 	20/01/2021 5:49:54 PM
Serializer Load Data Read 	20/01/2021 5:50:20 PM
Serializer Data Processed 	20/01/2021 5:50:20 PM
Serializer Object Parenting Complete 	20/01/2021 5:50:20 PM
Serializer Project Loaded 	20/01/2021 5:50:21 PM
Serializer Load Data Read 	20/01/2021 5:51:54 PM
Serializer Data Processed 	20/01/2021 5:51:54 PM
Serializer Object Parenting Complete 	20/01/2021 5:51:54 PM
Serializer Project Loaded 	20/01/2021 5:51:54 PM
