Serializer Back Up Made 	20/01/2021 1:18:21 AM
Serializer Project Saved 	20/01/2021 1:18:21 AM
Serializer Load Data Read 	20/01/2021 1:19:02 AM
Serializer Data Processed 	20/01/2021 1:19:02 AM
Serializer Object Parenting Complete 	20/01/2021 1:19:02 AM
Serializer Project Loaded 	20/01/2021 1:19:02 AM
Hetwork.NodeForm, Text: NodeForm Load and Project data paired 	20/01/2021 1:19:02 AM
Serializer Load Data Read 	20/01/2021 1:22:21 AM
Serializer Data Processed 	20/01/2021 1:22:21 AM
Serializer Object Parenting Complete 	20/01/2021 1:22:21 AM
Serializer Project Loaded 	20/01/2021 1:22:21 AM
Hetwork.NodeForm, Text: NodeForm Load and Project data paired 	20/01/2021 1:22:21 AM
Serializer Back Up Made 	20/01/2021 1:22:30 AM
Serializer Project Saved 	20/01/2021 1:22:30 AM
Serializer Back Up Made 	20/01/2021 1:22:31 AM
Serializer Project Saved 	20/01/2021 1:22:31 AM
Serializer Load Data Read 	20/01/2021 1:22:45 AM
Serializer Data Processed 	20/01/2021 1:22:45 AM
Serializer Object Parenting Complete 	20/01/2021 1:22:45 AM
Serializer Project Loaded 	20/01/2021 1:22:45 AM
Hetwork.NodeForm, Text: NodeForm Load and Project data paired 	20/01/2021 1:22:45 AM
Serializer Back Up Made 	20/01/2021 1:22:49 AM
Serializer Project Saved 	20/01/2021 1:22:49 AM
