Serializer Back Up Made 	20/01/2021 1:18:55 AM
Serializer Project Saved 	20/01/2021 1:18:55 AM
Serializer Load Data Read 	20/01/2021 1:19:20 AM
Serializer Data Processed 	20/01/2021 1:19:20 AM
Serializer Object Parenting Complete 	20/01/2021 1:19:20 AM
Serializer Project Loaded 	20/01/2021 1:19:20 AM
Hetwork.NodeForm, Text: NodeForm Load and Project data paired 	20/01/2021 1:19:20 AM
Serializer Back Up Made 	20/01/2021 1:19:26 AM
Serializer Project Saved 	20/01/2021 1:19:26 AM
Serializer Load Data Read 	20/01/2021 1:22:10 AM
Serializer Data Processed 	20/01/2021 1:22:10 AM
Serializer Object Parenting Complete 	20/01/2021 1:22:10 AM
Serializer Project Loaded 	20/01/2021 1:22:10 AM
Hetwork.NodeForm, Text: NodeForm Load and Project data paired 	20/01/2021 1:22:10 AM
Serializer Load Data Read 	20/01/2021 1:22:39 AM
Serializer Data Processed 	20/01/2021 1:22:39 AM
Serializer Object Parenting Complete 	20/01/2021 1:22:39 AM
Serializer Project Loaded 	20/01/2021 1:22:39 AM
Hetwork.NodeForm, Text: NodeForm Load and Project data paired 	20/01/2021 1:22:39 AM
Serializer Load Data Read 	20/01/2021 1:24:12 AM
Serializer Data Processed 	20/01/2021 1:24:12 AM
Serializer Object Parenting Complete 	20/01/2021 1:24:12 AM
Serializer Project Loaded 	20/01/2021 1:24:12 AM
Hetwork.NodeForm, Text: NodeForm Load and Project data paired 	20/01/2021 1:24:12 AM
Serializer Back Up Made 	20/01/2021 1:24:24 AM
Serializer Project Saved 	20/01/2021 1:24:24 AM
Serializer Load Data Read 	20/01/2021 1:26:27 AM
Serializer Data Processed 	20/01/2021 1:26:27 AM
Serializer Object Parenting Complete 	20/01/2021 1:26:27 AM
Serializer Project Loaded 	20/01/2021 1:26:27 AM
Hetwork.NodeForm, Text: NodeForm Load and Project data paired 	20/01/2021 1:26:27 AM
Serializer Back Up Made 	20/01/2021 1:26:45 AM
Serializer Project Saved 	20/01/2021 1:26:45 AM
Serializer Back Up Made 	20/01/2021 1:26:46 AM
Serializer Project Saved 	20/01/2021 1:26:46 AM
