Serializer Back Up Made 	20/01/2021 5:48:53 PM
Serializer Project Saved 	20/01/2021 5:48:53 PM
Serializer Load Data Read 	20/01/2021 5:49:47 PM
Serializer Data Processed 	20/01/2021 5:49:47 PM
Serializer Object Parenting Complete 	20/01/2021 5:49:47 PM
Serializer Project Loaded 	20/01/2021 5:49:47 PM
Serializer Load Data Read 	20/01/2021 5:50:25 PM
Serializer Data Processed 	20/01/2021 5:50:25 PM
Serializer Object Parenting Complete 	20/01/2021 5:50:25 PM
Serializer Project Loaded 	20/01/2021 5:50:25 PM
Serializer Load Data Read 	20/01/2021 5:58:35 PM
Serializer Data Processed 	20/01/2021 5:58:35 PM
Serializer Object Parenting Complete 	20/01/2021 5:58:35 PM
Serializer Project Loaded 	20/01/2021 5:58:35 PM
Serializer Back Up Made 	20/01/2021 5:58:42 PM
Serializer Project Saved 	20/01/2021 5:58:42 PM
Serializer Load Data Read 	20/01/2021 5:58:50 PM
Serializer Data Processed 	20/01/2021 5:58:50 PM
Serializer Object Parenting Complete 	20/01/2021 5:58:50 PM
Serializer Project Loaded 	20/01/2021 5:58:50 PM
Serializer Load Data Read 	20/01/2021 6:07:06 PM
Serializer Data Processed 	20/01/2021 6:07:06 PM
Serializer Object Parenting Complete 	20/01/2021 6:07:06 PM
Serializer Project Loaded 	20/01/2021 6:07:06 PM
Serializer Back Up Made 	20/01/2021 6:07:08 PM
Serializer Project Saved 	20/01/2021 6:07:08 PM
Serializer Load Data Read 	20/01/2021 6:08:38 PM
Serializer Data Processed 	20/01/2021 6:08:38 PM
Serializer Object Parenting Complete 	20/01/2021 6:08:38 PM
Serializer Project Loaded 	20/01/2021 6:08:38 PM
Serializer Back Up Made 	20/01/2021 6:08:42 PM
Serializer Project Saved 	20/01/2021 6:08:42 PM
Serializer Load Data Read 	20/01/2021 7:50:45 PM
Serializer Data Processed 	20/01/2021 7:50:45 PM
Serializer Object Parenting Complete 	20/01/2021 7:50:45 PM
Serializer Project Loaded 	20/01/2021 7:50:45 PM
Serializer Back Up Made 	20/01/2021 7:52:04 PM
Serializer Project Saved 	20/01/2021 7:52:04 PM
Serializer Back Up Made 	20/01/2021 7:52:06 PM
Serializer Project Saved 	20/01/2021 7:52:06 PM
Serializer Back Up Made 	20/01/2021 7:52:14 PM
Serializer Project Saved 	20/01/2021 7:52:14 PM
Serializer Load Data Read 	20/01/2021 7:52:26 PM
Serializer Data Processed 	20/01/2021 7:52:26 PM
Serializer Object Parenting Complete 	20/01/2021 7:52:26 PM
Serializer Project Loaded 	20/01/2021 7:52:26 PM
Serializer Back Up Made 	20/01/2021 7:52:31 PM
Serializer Project Saved 	20/01/2021 7:52:31 PM
Serializer Load Data Read 	20/01/2021 7:59:16 PM
Serializer Data Processed 	20/01/2021 7:59:16 PM
Serializer Object Parenting Complete 	20/01/2021 7:59:16 PM
Serializer Project Loaded 	20/01/2021 7:59:16 PM
Serializer Back Up Made 	20/01/2021 7:59:25 PM
Serializer Project Saved 	20/01/2021 7:59:25 PM
Serializer Back Up Made 	20/01/2021 7:59:27 PM
Serializer Project Saved 	20/01/2021 7:59:27 PM
Serializer Load Data Read 	21/01/2021 7:18:47 AM
Serializer Data Processed 	21/01/2021 7:18:47 AM
Serializer Object Parenting Complete 	21/01/2021 7:18:47 AM
Serializer Project Loaded 	21/01/2021 7:18:47 AM
Serializer Back Up Made 	21/01/2021 7:19:38 AM
Serializer Project Saved 	21/01/2021 7:19:38 AM
Serializer Load Data Read 	21/01/2021 8:00:14 AM
Serializer Data Processed 	21/01/2021 8:00:14 AM
Serializer Object Parenting Complete 	21/01/2021 8:00:14 AM
Serializer Project Loaded 	21/01/2021 8:00:14 AM
Serializer Load Data Read 	21/01/2021 8:57:52 AM
Serializer Data Processed 	21/01/2021 8:57:52 AM
Serializer Object Parenting Complete 	21/01/2021 8:57:52 AM
Serializer Project Loaded 	21/01/2021 8:57:52 AM
Serializer Back Up Made 	21/01/2021 8:57:53 AM
Serializer Project Saved 	21/01/2021 8:57:53 AM
Serializer Back Up Made 	21/01/2021 8:58:04 AM
Serializer Project Saved 	21/01/2021 8:58:04 AM
Serializer Load Data Read 	21/01/2021 8:58:35 AM
Serializer Data Processed 	21/01/2021 8:58:35 AM
Serializer Object Parenting Complete 	21/01/2021 8:58:35 AM
Serializer Project Loaded 	21/01/2021 8:58:35 AM
Serializer Back Up Made 	21/01/2021 8:58:49 AM
Serializer Project Saved 	21/01/2021 8:58:49 AM
Serializer Back Up Made 	21/01/2021 8:59:05 AM
Serializer Project Saved 	21/01/2021 8:59:05 AM
Serializer Load Data Read 	21/01/2021 9:00:05 AM
Serializer Data Processed 	21/01/2021 9:00:05 AM
Serializer Object Parenting Complete 	21/01/2021 9:00:05 AM
Serializer Project Loaded 	21/01/2021 9:00:05 AM
Serializer Load Data Read 	21/01/2021 9:02:34 AM
Serializer Data Processed 	21/01/2021 9:02:34 AM
Serializer Object Parenting Complete 	21/01/2021 9:02:34 AM
Serializer Project Loaded 	21/01/2021 9:02:34 AM
Serializer Back Up Made 	21/01/2021 9:02:37 AM
Serializer Project Saved 	21/01/2021 9:02:37 AM
Serializer Load Data Read 	21/01/2021 9:04:16 AM
Serializer Data Processed 	21/01/2021 9:04:16 AM
Serializer Object Parenting Complete 	21/01/2021 9:04:16 AM
Serializer Project Loaded 	21/01/2021 9:04:16 AM
Serializer Back Up Made 	21/01/2021 9:04:53 AM
Serializer Project Saved 	21/01/2021 9:04:53 AM
Serializer Back Up Made 	21/01/2021 9:05:15 AM
Serializer Project Saved 	21/01/2021 9:05:15 AM
Serializer Load Data Read 	21/01/2021 9:06:33 AM
Serializer Data Processed 	21/01/2021 9:06:33 AM
Serializer Object Parenting Complete 	21/01/2021 9:06:33 AM
Serializer Project Loaded 	21/01/2021 9:06:33 AM
Serializer Back Up Made 	21/01/2021 9:06:40 AM
Serializer Project Saved 	21/01/2021 9:06:40 AM
Serializer Load Data Read 	21/01/2021 9:07:02 AM
Serializer Data Processed 	21/01/2021 9:07:02 AM
Serializer Object Parenting Complete 	21/01/2021 9:07:02 AM
Serializer Project Loaded 	21/01/2021 9:07:02 AM
Serializer Back Up Made 	21/01/2021 9:07:06 AM
Serializer Project Saved 	21/01/2021 9:07:06 AM
Serializer Load Data Read 	21/01/2021 9:07:22 AM
Serializer Data Processed 	21/01/2021 9:07:22 AM
Serializer Object Parenting Complete 	21/01/2021 9:07:22 AM
Serializer Project Loaded 	21/01/2021 9:07:22 AM
Serializer Back Up Made 	21/01/2021 9:07:37 AM
Serializer Project Saved 	21/01/2021 9:07:37 AM
Serializer Load Data Read 	21/01/2021 9:08:23 AM
Serializer Data Processed 	21/01/2021 9:08:23 AM
Serializer Object Parenting Complete 	21/01/2021 9:08:23 AM
Serializer Project Loaded 	21/01/2021 9:08:23 AM
Serializer Back Up Made 	21/01/2021 9:08:31 AM
Serializer Project Saved 	21/01/2021 9:08:31 AM
Serializer Load Data Read 	21/01/2021 9:08:47 AM
Serializer Data Processed 	21/01/2021 9:08:47 AM
Serializer Object Parenting Complete 	21/01/2021 9:08:47 AM
Serializer Project Loaded 	21/01/2021 9:08:47 AM
Serializer Back Up Made 	21/01/2021 9:08:50 AM
Serializer Project Saved 	21/01/2021 9:08:50 AM
Serializer Load Data Read 	21/01/2021 9:09:19 AM
Serializer Data Processed 	21/01/2021 9:09:19 AM
Serializer Object Parenting Complete 	21/01/2021 9:09:19 AM
Serializer Project Loaded 	21/01/2021 9:09:19 AM
Serializer Back Up Made 	21/01/2021 9:09:21 AM
Serializer Project Saved 	21/01/2021 9:09:21 AM
Serializer Load Data Read 	21/01/2021 9:09:31 AM
Serializer Data Processed 	21/01/2021 9:09:31 AM
Serializer Object Parenting Complete 	21/01/2021 9:09:31 AM
Serializer Project Loaded 	21/01/2021 9:09:31 AM
Serializer Back Up Made 	21/01/2021 9:09:34 AM
Serializer Project Saved 	21/01/2021 9:09:34 AM
Serializer Load Data Read 	21/01/2021 9:09:58 AM
Serializer Data Processed 	21/01/2021 9:09:58 AM
Serializer Object Parenting Complete 	21/01/2021 9:09:58 AM
Serializer Project Loaded 	21/01/2021 9:09:58 AM
Serializer Back Up Made 	21/01/2021 9:10:01 AM
Serializer Project Saved 	21/01/2021 9:10:01 AM
Serializer Load Data Read 	21/01/2021 9:12:57 AM
Serializer Data Processed 	21/01/2021 9:12:57 AM
Serializer Object Parenting Complete 	21/01/2021 9:12:57 AM
Serializer Project Loaded 	21/01/2021 9:12:57 AM
Serializer Back Up Made 	21/01/2021 9:14:05 AM
Serializer Project Saved 	21/01/2021 9:14:05 AM
Serializer Load Data Read 	21/01/2021 9:25:51 AM
Serializer Data Processed 	21/01/2021 9:25:51 AM
Serializer Object Parenting Complete 	21/01/2021 9:25:51 AM
Serializer Project Loaded 	21/01/2021 9:25:51 AM
Serializer Back Up Made 	21/01/2021 9:25:57 AM
Serializer Project Saved 	21/01/2021 9:25:57 AM
Serializer Load Data Read 	21/01/2021 9:26:10 AM
Serializer Data Processed 	21/01/2021 9:26:10 AM
Serializer Object Parenting Complete 	21/01/2021 9:26:10 AM
Serializer Project Loaded 	21/01/2021 9:26:10 AM
Serializer Back Up Made 	21/01/2021 9:26:12 AM
Serializer Project Saved 	21/01/2021 9:26:12 AM
Serializer Load Data Read 	21/01/2021 9:26:20 AM
Serializer Data Processed 	21/01/2021 9:26:20 AM
Serializer Object Parenting Complete 	21/01/2021 9:26:20 AM
Serializer Project Loaded 	21/01/2021 9:26:20 AM
Serializer Back Up Made 	21/01/2021 9:26:24 AM
Serializer Project Saved 	21/01/2021 9:26:24 AM
