Serializer Back Up Made 	21/01/2021 4:09:38 PM
Serializer Project Saved 	21/01/2021 4:09:38 PM
Serializer Load Data Read 	21/01/2021 4:09:45 PM
Serializer Data Processed 	21/01/2021 4:09:45 PM
Serializer Object Parenting Complete 	21/01/2021 4:09:45 PM
Serializer Project Loaded 	21/01/2021 4:09:45 PM
Serializer Back Up Made 	21/01/2021 4:17:53 PM
Serializer Project Saved 	21/01/2021 4:17:53 PM
Serializer Back Up Made 	21/01/2021 4:18:09 PM
Serializer Project Saved 	21/01/2021 4:18:09 PM
Serializer Back Up Made 	21/01/2021 4:21:05 PM
Serializer Project Saved 	21/01/2021 4:21:05 PM
Serializer Back Up Made 	21/01/2021 4:21:10 PM
Serializer Project Saved 	21/01/2021 4:21:10 PM
Serializer Load Data Read 	21/01/2021 4:22:26 PM
Serializer Data Processed 	21/01/2021 4:22:26 PM
Serializer Object Parenting Complete 	21/01/2021 4:22:26 PM
Serializer Project Loaded 	21/01/2021 4:22:26 PM
Serializer Back Up Made 	21/01/2021 4:23:28 PM
Serializer Project Saved 	21/01/2021 4:23:28 PM
Serializer Load Data Read 	21/01/2021 8:49:44 PM
Serializer Data Processed 	21/01/2021 8:49:44 PM
Serializer Object Parenting Complete 	21/01/2021 8:49:44 PM
Serializer Project Loaded 	21/01/2021 8:49:44 PM
Serializer Back Up Made 	21/01/2021 8:49:46 PM
Serializer Project Saved 	21/01/2021 8:49:46 PM
Serializer Load Data Read 	21/01/2021 8:57:59 PM
Serializer Data Processed 	21/01/2021 8:57:59 PM
Serializer Object Parenting Complete 	21/01/2021 8:57:59 PM
Serializer Project Loaded 	21/01/2021 8:57:59 PM
Serializer Back Up Made 	21/01/2021 8:58:03 PM
Serializer Project Saved 	21/01/2021 8:58:03 PM
Serializer Back Up Made 	21/01/2021 8:58:13 PM
Serializer Project Saved 	21/01/2021 8:58:13 PM
Serializer Load Data Read 	21/01/2021 8:58:28 PM
Serializer Data Processed 	21/01/2021 8:58:28 PM
Serializer Object Parenting Complete 	21/01/2021 8:58:28 PM
Serializer Project Loaded 	21/01/2021 8:58:28 PM
Serializer Back Up Made 	21/01/2021 8:58:34 PM
Serializer Project Saved 	21/01/2021 8:58:34 PM
Serializer Load Data Read 	21/01/2021 9:02:09 PM
Serializer Data Processed 	21/01/2021 9:02:09 PM
Serializer Object Parenting Complete 	21/01/2021 9:02:09 PM
Serializer Project Loaded 	21/01/2021 9:02:09 PM
Serializer Back Up Made 	21/01/2021 9:02:14 PM
Serializer Project Saved 	21/01/2021 9:02:14 PM
Serializer Load Data Read 	21/01/2021 9:02:30 PM
Serializer Data Processed 	21/01/2021 9:02:30 PM
Serializer Object Parenting Complete 	21/01/2021 9:02:30 PM
Serializer Project Loaded 	21/01/2021 9:02:30 PM
Serializer Back Up Made 	21/01/2021 9:02:34 PM
Serializer Project Saved 	21/01/2021 9:02:34 PM
Serializer Load Data Read 	21/01/2021 9:02:42 PM
Serializer Data Processed 	21/01/2021 9:02:42 PM
Serializer Object Parenting Complete 	21/01/2021 9:02:42 PM
Serializer Project Loaded 	21/01/2021 9:02:42 PM
Serializer Back Up Made 	21/01/2021 9:02:50 PM
Serializer Project Saved 	21/01/2021 9:02:50 PM
Serializer Load Data Read 	21/01/2021 9:04:28 PM
Serializer Data Processed 	21/01/2021 9:04:28 PM
Serializer Object Parenting Complete 	21/01/2021 9:04:28 PM
Serializer Project Loaded 	21/01/2021 9:04:28 PM
Serializer Back Up Made 	21/01/2021 9:04:43 PM
Serializer Project Saved 	21/01/2021 9:04:43 PM
Serializer Load Data Read 	21/01/2021 9:06:34 PM
Serializer Data Processed 	21/01/2021 9:06:34 PM
Serializer Object Parenting Complete 	21/01/2021 9:06:34 PM
Serializer Project Loaded 	21/01/2021 9:06:34 PM
Serializer Back Up Made 	21/01/2021 9:06:39 PM
Serializer Project Saved 	21/01/2021 9:06:39 PM
Serializer Load Data Read 	21/01/2021 9:06:58 PM
Serializer Data Processed 	21/01/2021 9:06:58 PM
Serializer Object Parenting Complete 	21/01/2021 9:06:58 PM
Serializer Project Loaded 	21/01/2021 9:06:58 PM
Serializer Back Up Made 	21/01/2021 9:07:03 PM
Serializer Project Saved 	21/01/2021 9:07:03 PM
Serializer Load Data Read 	21/01/2021 9:07:07 PM
Serializer Data Processed 	21/01/2021 9:07:07 PM
Serializer Object Parenting Complete 	21/01/2021 9:07:07 PM
Serializer Project Loaded 	21/01/2021 9:07:07 PM
Serializer Back Up Made 	21/01/2021 9:07:13 PM
Serializer Project Saved 	21/01/2021 9:07:13 PM
Serializer Load Data Read 	21/01/2021 9:11:57 PM
Serializer Data Processed 	21/01/2021 9:11:57 PM
Serializer Object Parenting Complete 	21/01/2021 9:11:57 PM
Serializer Project Loaded 	21/01/2021 9:11:57 PM
Serializer Back Up Made 	21/01/2021 9:12:00 PM
Serializer Project Saved 	21/01/2021 9:12:00 PM
Serializer Load Data Read 	21/01/2021 9:13:02 PM
Serializer Data Processed 	21/01/2021 9:13:02 PM
Serializer Object Parenting Complete 	21/01/2021 9:13:02 PM
Serializer Project Loaded 	21/01/2021 9:13:02 PM
Serializer Back Up Made 	21/01/2021 9:13:05 PM
Serializer Project Saved 	21/01/2021 9:13:05 PM
Serializer Back Up Made 	21/01/2021 9:13:06 PM
Serializer Project Saved 	21/01/2021 9:13:06 PM
Serializer Load Data Read 	21/01/2021 9:13:11 PM
Serializer Data Processed 	21/01/2021 9:13:11 PM
Serializer Object Parenting Complete 	21/01/2021 9:13:11 PM
Serializer Project Loaded 	21/01/2021 9:13:11 PM
Serializer Back Up Made 	21/01/2021 9:13:13 PM
Serializer Project Saved 	21/01/2021 9:13:13 PM
Serializer Load Data Read 	21/01/2021 9:14:28 PM
Serializer Data Processed 	21/01/2021 9:14:28 PM
Serializer Object Parenting Complete 	21/01/2021 9:14:28 PM
Serializer Project Loaded 	21/01/2021 9:14:28 PM
Serializer Back Up Made 	21/01/2021 9:14:32 PM
Serializer Project Saved 	21/01/2021 9:14:32 PM
Serializer Back Up Made 	21/01/2021 9:14:39 PM
Serializer Project Saved 	21/01/2021 9:14:39 PM
Serializer Back Up Made 	21/01/2021 9:14:40 PM
Serializer Project Saved 	21/01/2021 9:14:40 PM
Serializer Load Data Read 	21/01/2021 9:14:49 PM
Serializer Data Processed 	21/01/2021 9:14:49 PM
Serializer Object Parenting Complete 	21/01/2021 9:14:49 PM
Serializer Project Loaded 	21/01/2021 9:14:49 PM
Serializer Back Up Made 	21/01/2021 9:14:53 PM
Serializer Project Saved 	21/01/2021 9:14:53 PM
Serializer Load Data Read 	21/01/2021 9:19:00 PM
Serializer Data Processed 	21/01/2021 9:19:00 PM
Serializer Object Parenting Complete 	21/01/2021 9:19:00 PM
Serializer Project Loaded 	21/01/2021 9:19:00 PM
Serializer Back Up Made 	21/01/2021 9:19:08 PM
Serializer Project Saved 	21/01/2021 9:19:08 PM
Serializer Back Up Made 	21/01/2021 9:19:11 PM
Serializer Project Saved 	21/01/2021 9:19:11 PM
Serializer Load Data Read 	22/01/2021 12:13:33 PM
Serializer Data Processed 	22/01/2021 12:13:33 PM
Serializer Object Parenting Complete 	22/01/2021 12:13:33 PM
Serializer Project Loaded 	22/01/2021 12:13:33 PM
Serializer Back Up Made 	22/01/2021 12:13:36 PM
Serializer Project Saved 	22/01/2021 12:13:36 PM
Serializer Load Data Read 	22/01/2021 12:17:11 PM
Serializer Data Processed 	22/01/2021 12:17:11 PM
Serializer Object Parenting Complete 	22/01/2021 12:17:11 PM
Serializer Project Loaded 	22/01/2021 12:17:12 PM
Serializer Back Up Made 	22/01/2021 12:17:16 PM
Serializer Project Saved 	22/01/2021 12:17:16 PM
Serializer Load Data Read 	22/01/2021 12:18:04 PM
Serializer Data Processed 	22/01/2021 12:18:04 PM
Serializer Object Parenting Complete 	22/01/2021 12:18:04 PM
Serializer Project Loaded 	22/01/2021 12:18:04 PM
Serializer Back Up Made 	22/01/2021 12:18:13 PM
Serializer Project Saved 	22/01/2021 12:18:13 PM
Serializer Load Data Read 	22/01/2021 12:19:38 PM
Serializer Data Processed 	22/01/2021 12:19:38 PM
Serializer Object Parenting Complete 	22/01/2021 12:19:38 PM
Serializer Project Loaded 	22/01/2021 12:19:38 PM
Serializer Back Up Made 	22/01/2021 12:19:44 PM
Serializer Project Saved 	22/01/2021 12:19:44 PM
Serializer Load Data Read 	22/01/2021 12:21:17 PM
Serializer Data Processed 	22/01/2021 12:21:17 PM
Serializer Object Parenting Complete 	22/01/2021 12:21:17 PM
Serializer Project Loaded 	22/01/2021 12:21:17 PM
Serializer Back Up Made 	22/01/2021 12:21:24 PM
Serializer Project Saved 	22/01/2021 12:21:24 PM
Serializer Load Data Read 	22/01/2021 12:21:41 PM
Serializer Data Processed 	22/01/2021 12:21:41 PM
Serializer Object Parenting Complete 	22/01/2021 12:21:41 PM
Serializer Project Loaded 	22/01/2021 12:21:41 PM
Serializer Back Up Made 	22/01/2021 12:21:47 PM
Serializer Project Saved 	22/01/2021 12:21:47 PM
Serializer Back Up Made 	22/01/2021 12:21:48 PM
Serializer Project Saved 	22/01/2021 12:21:48 PM
Serializer Load Data Read 	22/01/2021 1:07:18 PM
Serializer Data Processed 	22/01/2021 1:07:18 PM
Serializer Object Parenting Complete 	22/01/2021 1:07:18 PM
Serializer Project Loaded 	22/01/2021 1:07:18 PM
Serializer Back Up Made 	22/01/2021 1:07:24 PM
Serializer Project Saved 	22/01/2021 1:07:24 PM
Serializer Load Data Read 	22/01/2021 1:51:13 PM
Serializer Data Processed 	22/01/2021 1:51:13 PM
Serializer Object Parenting Complete 	22/01/2021 1:51:13 PM
Serializer Project Loaded 	22/01/2021 1:51:13 PM
Serializer Back Up Made 	22/01/2021 1:51:35 PM
Serializer Project Saved 	22/01/2021 1:51:35 PM
Serializer Back Up Made 	22/01/2021 1:51:54 PM
Serializer Project Saved 	22/01/2021 1:51:54 PM
Serializer Load Data Read 	22/01/2021 1:57:15 PM
Serializer Data Processed 	22/01/2021 1:57:15 PM
Serializer Object Parenting Complete 	22/01/2021 1:57:15 PM
Serializer Project Loaded 	22/01/2021 1:57:15 PM
Serializer Back Up Made 	22/01/2021 1:57:16 PM
Serializer Project Saved 	22/01/2021 1:57:16 PM
Serializer Back Up Made 	22/01/2021 1:57:17 PM
Serializer Project Saved 	22/01/2021 1:57:17 PM
Serializer Load Data Read 	22/01/2021 1:57:20 PM
Serializer Data Processed 	22/01/2021 1:57:20 PM
Serializer Object Parenting Complete 	22/01/2021 1:57:20 PM
Serializer Project Loaded 	22/01/2021 1:57:20 PM
Serializer Back Up Made 	22/01/2021 1:57:22 PM
Serializer Project Saved 	22/01/2021 1:57:22 PM
Serializer Load Data Read 	22/01/2021 1:57:26 PM
Serializer Data Processed 	22/01/2021 1:57:26 PM
Serializer Object Parenting Complete 	22/01/2021 1:57:26 PM
Serializer Project Loaded 	22/01/2021 1:57:26 PM
Serializer Back Up Made 	22/01/2021 1:57:28 PM
Serializer Project Saved 	22/01/2021 1:57:28 PM
Serializer Load Data Read 	22/01/2021 1:57:40 PM
Serializer Data Processed 	22/01/2021 1:57:40 PM
Serializer Object Parenting Complete 	22/01/2021 1:57:40 PM
Serializer Project Loaded 	22/01/2021 1:57:40 PM
Serializer Back Up Made 	22/01/2021 1:57:41 PM
Serializer Project Saved 	22/01/2021 1:57:41 PM
Serializer Back Up Made 	22/01/2021 1:57:42 PM
Serializer Project Saved 	22/01/2021 1:57:42 PM
Serializer Load Data Read 	22/01/2021 1:57:46 PM
Serializer Data Processed 	22/01/2021 1:57:46 PM
Serializer Object Parenting Complete 	22/01/2021 1:57:46 PM
Serializer Project Loaded 	22/01/2021 1:57:46 PM
Serializer Back Up Made 	22/01/2021 1:57:48 PM
Serializer Project Saved 	22/01/2021 1:57:48 PM
Serializer Load Data Read 	22/01/2021 1:58:14 PM
Serializer Data Processed 	22/01/2021 1:58:14 PM
Serializer Object Parenting Complete 	22/01/2021 1:58:14 PM
Serializer Project Loaded 	22/01/2021 1:58:14 PM
Serializer Back Up Made 	22/01/2021 1:58:16 PM
Serializer Project Saved 	22/01/2021 1:58:16 PM
Serializer Back Up Made 	22/01/2021 1:58:19 PM
Serializer Project Saved 	22/01/2021 1:58:19 PM
Serializer Load Data Read 	22/01/2021 1:58:24 PM
Serializer Data Processed 	22/01/2021 1:58:24 PM
Serializer Object Parenting Complete 	22/01/2021 1:58:24 PM
Serializer Project Loaded 	22/01/2021 1:58:24 PM
Serializer Back Up Made 	22/01/2021 1:58:30 PM
Serializer Project Saved 	22/01/2021 1:58:30 PM
Serializer Load Data Read 	22/01/2021 1:58:33 PM
Serializer Data Processed 	22/01/2021 1:58:33 PM
Serializer Object Parenting Complete 	22/01/2021 1:58:33 PM
Serializer Project Loaded 	22/01/2021 1:58:33 PM
Serializer Back Up Made 	22/01/2021 1:58:36 PM
Serializer Project Saved 	22/01/2021 1:58:36 PM
Serializer Load Data Read 	22/01/2021 1:58:48 PM
Serializer Data Processed 	22/01/2021 1:58:48 PM
Serializer Object Parenting Complete 	22/01/2021 1:58:48 PM
Serializer Project Loaded 	22/01/2021 1:58:48 PM
Serializer Back Up Made 	22/01/2021 1:58:51 PM
Serializer Project Saved 	22/01/2021 1:58:51 PM
Serializer Back Up Made 	22/01/2021 1:58:51 PM
Serializer Project Saved 	22/01/2021 1:58:51 PM
Serializer Load Data Read 	22/01/2021 1:58:54 PM
Serializer Data Processed 	22/01/2021 1:58:54 PM
Serializer Object Parenting Complete 	22/01/2021 1:58:54 PM
Serializer Project Loaded 	22/01/2021 1:58:54 PM
Serializer Back Up Made 	22/01/2021 1:58:57 PM
Serializer Project Saved 	22/01/2021 1:58:57 PM
Serializer Load Data Read 	22/01/2021 1:59:08 PM
Serializer Data Processed 	22/01/2021 1:59:08 PM
Serializer Object Parenting Complete 	22/01/2021 1:59:08 PM
Serializer Project Loaded 	22/01/2021 1:59:08 PM
Serializer Back Up Made 	22/01/2021 1:59:10 PM
Serializer Project Saved 	22/01/2021 1:59:10 PM
Serializer Back Up Made 	22/01/2021 1:59:10 PM
Serializer Project Saved 	22/01/2021 1:59:10 PM
Serializer Load Data Read 	22/01/2021 1:59:13 PM
Serializer Data Processed 	22/01/2021 1:59:13 PM
Serializer Object Parenting Complete 	22/01/2021 1:59:13 PM
Serializer Project Loaded 	22/01/2021 1:59:13 PM
Serializer Back Up Made 	22/01/2021 1:59:15 PM
Serializer Project Saved 	22/01/2021 1:59:15 PM
Serializer Load Data Read 	22/01/2021 1:59:26 PM
Serializer Data Processed 	22/01/2021 1:59:26 PM
Serializer Object Parenting Complete 	22/01/2021 1:59:26 PM
Serializer Project Loaded 	22/01/2021 1:59:26 PM
Serializer Back Up Made 	22/01/2021 1:59:30 PM
Serializer Project Saved 	22/01/2021 1:59:30 PM
Serializer Back Up Made 	22/01/2021 1:59:30 PM
Serializer Project Saved 	22/01/2021 1:59:30 PM
Serializer Load Data Read 	22/01/2021 1:59:34 PM
Serializer Data Processed 	22/01/2021 1:59:34 PM
Serializer Object Parenting Complete 	22/01/2021 1:59:34 PM
Serializer Project Loaded 	22/01/2021 1:59:34 PM
Serializer Back Up Made 	22/01/2021 1:59:41 PM
Serializer Project Saved 	22/01/2021 1:59:41 PM
Serializer Back Up Made 	22/01/2021 1:59:42 PM
Serializer Project Saved 	22/01/2021 1:59:42 PM
Serializer Load Data Read 	22/01/2021 2:02:30 PM
Serializer Data Processed 	22/01/2021 2:02:30 PM
Serializer Object Parenting Complete 	22/01/2021 2:02:30 PM
Serializer Project Loaded 	22/01/2021 2:02:30 PM
Serializer Back Up Made 	22/01/2021 2:02:32 PM
Serializer Project Saved 	22/01/2021 2:02:32 PM
Serializer Back Up Made 	22/01/2021 2:02:44 PM
Serializer Project Saved 	22/01/2021 2:02:44 PM
Serializer Load Data Read 	22/01/2021 2:48:48 PM
Serializer Data Processed 	22/01/2021 2:48:48 PM
Serializer Object Parenting Complete 	22/01/2021 2:48:48 PM
Serializer Project Loaded 	22/01/2021 2:48:48 PM
Serializer Back Up Made 	22/01/2021 2:48:50 PM
Serializer Project Saved 	22/01/2021 2:48:50 PM
Serializer Back Up Made 	22/01/2021 2:48:51 PM
Serializer Project Saved 	22/01/2021 2:48:51 PM
Serializer Load Data Read 	22/01/2021 2:48:54 PM
Serializer Data Processed 	22/01/2021 2:48:54 PM
Serializer Object Parenting Complete 	22/01/2021 2:48:54 PM
Serializer Project Loaded 	22/01/2021 2:48:54 PM
Serializer Back Up Made 	22/01/2021 2:48:57 PM
Serializer Project Saved 	22/01/2021 2:48:57 PM
Serializer Load Data Read 	22/01/2021 2:56:45 PM
Serializer Data Processed 	22/01/2021 2:56:46 PM
Serializer Object Parenting Complete 	22/01/2021 2:56:46 PM
Serializer Project Loaded 	22/01/2021 2:56:46 PM
Serializer Back Up Made 	22/01/2021 2:56:46 PM
Serializer Project Saved 	22/01/2021 2:56:46 PM
Serializer Back Up Made 	22/01/2021 2:56:47 PM
Serializer Project Saved 	22/01/2021 2:56:47 PM
Serializer Load Data Read 	22/01/2021 2:56:50 PM
Serializer Data Processed 	22/01/2021 2:56:50 PM
Serializer Object Parenting Complete 	22/01/2021 2:56:50 PM
Serializer Project Loaded 	22/01/2021 2:56:50 PM
Serializer Back Up Made 	22/01/2021 2:56:58 PM
Serializer Project Saved 	22/01/2021 2:56:58 PM
Serializer Load Data Read 	22/01/2021 2:57:02 PM
Serializer Data Processed 	22/01/2021 2:57:02 PM
Serializer Object Parenting Complete 	22/01/2021 2:57:02 PM
Serializer Project Loaded 	22/01/2021 2:57:02 PM
Serializer Back Up Made 	22/01/2021 2:57:09 PM
Serializer Project Saved 	22/01/2021 2:57:09 PM
Serializer Load Data Read 	22/01/2021 2:57:13 PM
Serializer Data Processed 	22/01/2021 2:57:13 PM
Serializer Object Parenting Complete 	22/01/2021 2:57:13 PM
Serializer Project Loaded 	22/01/2021 2:57:13 PM
Serializer Back Up Made 	22/01/2021 2:57:21 PM
Serializer Project Saved 	22/01/2021 2:57:21 PM
Serializer Load Data Read 	22/01/2021 2:57:59 PM
Serializer Data Processed 	22/01/2021 2:57:59 PM
Serializer Object Parenting Complete 	22/01/2021 2:57:59 PM
Serializer Project Loaded 	22/01/2021 2:57:59 PM
Serializer Back Up Made 	22/01/2021 2:58:03 PM
Serializer Project Saved 	22/01/2021 2:58:03 PM
Serializer Load Data Read 	22/01/2021 2:58:07 PM
Serializer Data Processed 	22/01/2021 2:58:07 PM
Serializer Object Parenting Complete 	22/01/2021 2:58:07 PM
Serializer Project Loaded 	22/01/2021 2:58:07 PM
Serializer Back Up Made 	22/01/2021 2:58:13 PM
Serializer Project Saved 	22/01/2021 2:58:13 PM
Serializer Load Data Read 	22/01/2021 2:58:17 PM
Serializer Data Processed 	22/01/2021 2:58:17 PM
Serializer Object Parenting Complete 	22/01/2021 2:58:17 PM
Serializer Project Loaded 	22/01/2021 2:58:17 PM
Serializer Back Up Made 	22/01/2021 2:58:23 PM
Serializer Project Saved 	22/01/2021 2:58:23 PM
Serializer Load Data Read 	22/01/2021 2:58:46 PM
Serializer Data Processed 	22/01/2021 2:58:46 PM
Serializer Object Parenting Complete 	22/01/2021 2:58:46 PM
Serializer Project Loaded 	22/01/2021 2:58:46 PM
Serializer Back Up Made 	22/01/2021 2:58:50 PM
Serializer Project Saved 	22/01/2021 2:58:50 PM
Serializer Back Up Made 	22/01/2021 2:58:51 PM
Serializer Project Saved 	22/01/2021 2:58:51 PM
Serializer Load Data Read 	22/01/2021 2:58:55 PM
Serializer Data Processed 	22/01/2021 2:58:55 PM
Serializer Object Parenting Complete 	22/01/2021 2:58:55 PM
Serializer Project Loaded 	22/01/2021 2:58:55 PM
Serializer Back Up Made 	22/01/2021 2:59:06 PM
Serializer Project Saved 	22/01/2021 2:59:06 PM
Serializer Load Data Read 	22/01/2021 2:59:20 PM
Serializer Data Processed 	22/01/2021 2:59:20 PM
Serializer Object Parenting Complete 	22/01/2021 2:59:20 PM
Serializer Project Loaded 	22/01/2021 2:59:20 PM
Serializer Back Up Made 	22/01/2021 2:59:26 PM
Serializer Project Saved 	22/01/2021 2:59:26 PM
Serializer Load Data Read 	22/01/2021 2:59:30 PM
Serializer Data Processed 	22/01/2021 2:59:30 PM
Serializer Object Parenting Complete 	22/01/2021 2:59:30 PM
Serializer Project Loaded 	22/01/2021 2:59:30 PM
Serializer Back Up Made 	22/01/2021 2:59:40 PM
Serializer Project Saved 	22/01/2021 2:59:40 PM
Serializer Back Up Made 	22/01/2021 2:59:42 PM
Serializer Project Saved 	22/01/2021 2:59:42 PM
Serializer Back Up Made 	22/01/2021 2:59:43 PM
Serializer Project Saved 	22/01/2021 2:59:43 PM
Serializer Load Data Read 	22/01/2021 2:59:47 PM
Serializer Data Processed 	22/01/2021 2:59:47 PM
Serializer Object Parenting Complete 	22/01/2021 2:59:47 PM
Serializer Project Loaded 	22/01/2021 2:59:47 PM
Serializer Back Up Made 	22/01/2021 2:59:49 PM
Serializer Project Saved 	22/01/2021 2:59:49 PM
Serializer Load Data Read 	22/01/2021 3:00:08 PM
Serializer Data Processed 	22/01/2021 3:00:08 PM
Serializer Object Parenting Complete 	22/01/2021 3:00:08 PM
Serializer Project Loaded 	22/01/2021 3:00:08 PM
Serializer Back Up Made 	22/01/2021 3:00:12 PM
Serializer Project Saved 	22/01/2021 3:00:12 PM
Serializer Back Up Made 	22/01/2021 3:00:12 PM
Serializer Project Saved 	22/01/2021 3:00:12 PM
Serializer Load Data Read 	22/01/2021 3:00:16 PM
Serializer Corrupted Save 2 'Input string was not in a correct format.' on line 0 	22/01/2021 3:00:16 PM
Serializer Data Processed 	22/01/2021 3:00:16 PM
Serializer Object Parenting Complete 	22/01/2021 3:00:16 PM
Serializer Project Loaded 	22/01/2021 3:00:16 PM
Serializer Back Up Made 	22/01/2021 3:00:21 PM
Serializer Project Saved 	22/01/2021 3:00:21 PM
Serializer Back Up Made 	22/01/2021 3:00:22 PM
Serializer Project Saved 	22/01/2021 3:00:22 PM
Serializer Load Data Read 	22/01/2021 3:00:41 PM
Serializer Corrupted Save 2 'Input string was not in a correct format.' on line 0 	22/01/2021 3:00:41 PM
Serializer Data Processed 	22/01/2021 3:00:41 PM
Serializer Object Parenting Complete 	22/01/2021 3:00:41 PM
Serializer Project Loaded 	22/01/2021 3:00:41 PM
Serializer Back Up Made 	22/01/2021 3:00:44 PM
Serializer Project Saved 	22/01/2021 3:00:44 PM
Serializer Load Data Read 	22/01/2021 3:00:47 PM
Serializer Corrupted Save 2 'Input string was not in a correct format.' on line 0 	22/01/2021 3:00:47 PM
Serializer Data Processed 	22/01/2021 3:00:47 PM
Serializer Object Parenting Complete 	22/01/2021 3:00:47 PM
Serializer Project Loaded 	22/01/2021 3:00:47 PM
Serializer Back Up Made 	22/01/2021 3:00:55 PM
Serializer Project Saved 	22/01/2021 3:00:55 PM
Serializer Load Data Read 	22/01/2021 3:00:56 PM
Serializer Corrupted Save 2 'Input string was not in a correct format.' on line 0 	22/01/2021 3:00:56 PM
Serializer Data Processed 	22/01/2021 3:00:56 PM
Serializer Object Parenting Complete 	22/01/2021 3:00:56 PM
Serializer Project Loaded 	22/01/2021 3:00:56 PM
Serializer Back Up Made 	22/01/2021 3:01:01 PM
Serializer Project Saved 	22/01/2021 3:01:01 PM
Serializer Load Data Read 	22/01/2021 3:01:23 PM
Serializer Corrupted Save 2 'Input string was not in a correct format.' on line 0 	22/01/2021 3:01:23 PM
Serializer Data Processed 	22/01/2021 3:01:23 PM
Serializer Object Parenting Complete 	22/01/2021 3:01:23 PM
Serializer Project Loaded 	22/01/2021 3:01:23 PM
Serializer Back Up Made 	22/01/2021 3:01:26 PM
Serializer Project Saved 	22/01/2021 3:01:26 PM
Serializer Load Data Read 	22/01/2021 3:01:29 PM
Serializer Data Processed 	22/01/2021 3:01:29 PM
Serializer Object Parenting Complete 	22/01/2021 3:01:29 PM
Serializer Project Loaded 	22/01/2021 3:01:29 PM
Serializer Back Up Made 	22/01/2021 3:01:31 PM
Serializer Project Saved 	22/01/2021 3:01:31 PM
Serializer Back Up Made 	22/01/2021 3:01:32 PM
Serializer Project Saved 	22/01/2021 3:01:32 PM
Serializer Load Data Read 	22/01/2021 3:01:35 PM
Serializer Corrupted Save 2 'Input string was not in a correct format.' on line 0 	22/01/2021 3:01:35 PM
Serializer Data Processed 	22/01/2021 3:01:35 PM
Serializer Object Parenting Complete 	22/01/2021 3:01:35 PM
Serializer Project Loaded 	22/01/2021 3:01:35 PM
Serializer Back Up Made 	22/01/2021 3:01:40 PM
Serializer Project Saved 	22/01/2021 3:01:40 PM
Serializer Back Up Made 	22/01/2021 3:01:43 PM
Serializer Project Saved 	22/01/2021 3:01:43 PM
Serializer Load Data Read 	22/01/2021 3:01:45 PM
Serializer Data Processed 	22/01/2021 3:01:45 PM
Serializer Object Parenting Complete 	22/01/2021 3:01:45 PM
Serializer Project Loaded 	22/01/2021 3:01:45 PM
Serializer Back Up Made 	22/01/2021 3:01:47 PM
Serializer Project Saved 	22/01/2021 3:01:47 PM
Serializer Load Data Read 	22/01/2021 3:01:48 PM
Serializer Data Processed 	22/01/2021 3:01:48 PM
Serializer Object Parenting Complete 	22/01/2021 3:01:48 PM
Serializer Project Loaded 	22/01/2021 3:01:48 PM
Serializer Back Up Made 	22/01/2021 3:01:50 PM
Serializer Project Saved 	22/01/2021 3:01:50 PM
Serializer Back Up Made 	22/01/2021 3:01:53 PM
Serializer Project Saved 	22/01/2021 3:01:53 PM
Serializer Load Data Read 	22/01/2021 3:01:56 PM
Serializer Corrupted Save 2 'Input string was not in a correct format.' on line 0 	22/01/2021 3:01:56 PM
Serializer Data Processed 	22/01/2021 3:01:56 PM
Serializer Object Parenting Complete 	22/01/2021 3:01:56 PM
Serializer Project Loaded 	22/01/2021 3:01:56 PM
Serializer Back Up Made 	22/01/2021 3:02:00 PM
Serializer Project Saved 	22/01/2021 3:02:00 PM
Serializer Back Up Made 	22/01/2021 3:02:02 PM
Serializer Project Saved 	22/01/2021 3:02:02 PM
Serializer Load Data Read 	25/01/2021 6:46:51 PM
Serializer Corrupted Save 2 'Input string was not in a correct format.' on line 0 	25/01/2021 6:46:51 PM
Serializer Data Processed 	25/01/2021 6:46:51 PM
Serializer Object Parenting Complete 	25/01/2021 6:46:51 PM
Serializer Project Loaded 	25/01/2021 6:46:51 PM
Serializer Back Up Made 	25/01/2021 6:47:02 PM
Serializer Project Saved 	25/01/2021 6:47:02 PM
Serializer Load Data Read 	25/01/2021 6:48:59 PM
Serializer Data Processed 	25/01/2021 6:48:59 PM
Serializer Object Parenting Complete 	25/01/2021 6:48:59 PM
Serializer Project Loaded 	25/01/2021 6:48:59 PM
Serializer Back Up Made 	25/01/2021 6:49:09 PM
Serializer Project Saved 	25/01/2021 6:49:09 PM
Serializer Back Up Made 	25/01/2021 6:49:09 PM
Serializer Project Saved 	25/01/2021 6:49:09 PM
Serializer Load Data Read 	10/02/2021 6:20:13 PM
Serializer Data Processed 	10/02/2021 6:20:13 PM
Serializer Object Parenting Complete 	10/02/2021 6:20:13 PM
Serializer Project Loaded 	10/02/2021 6:20:13 PM
Serializer Back Up Made 	10/02/2021 6:20:20 PM
Serializer Project Saved 	10/02/2021 6:20:20 PM
Serializer Load Data Read 	10/02/2021 6:20:27 PM
Serializer Data Processed 	10/02/2021 6:20:27 PM
Serializer Object Parenting Complete 	10/02/2021 6:20:27 PM
Serializer Project Loaded 	10/02/2021 6:20:27 PM
Serializer Back Up Made 	10/02/2021 6:20:33 PM
Serializer Project Saved 	10/02/2021 6:20:33 PM
Serializer Load Data Read 	10/02/2021 6:20:59 PM
Serializer Data Processed 	10/02/2021 6:20:59 PM
Serializer Object Parenting Complete 	10/02/2021 6:20:59 PM
Serializer Project Loaded 	10/02/2021 6:20:59 PM
Serializer Back Up Made 	10/02/2021 6:21:04 PM
Serializer Project Saved 	10/02/2021 6:21:04 PM
Serializer Load Data Read 	10/02/2021 6:26:20 PM
Serializer Data Processed 	10/02/2021 6:26:20 PM
Serializer Object Parenting Complete 	10/02/2021 6:26:20 PM
Serializer Project Loaded 	10/02/2021 6:26:21 PM
Serializer Back Up Made 	10/02/2021 6:26:24 PM
Serializer Project Saved 	10/02/2021 6:26:24 PM
Serializer Load Data Read 	10/02/2021 6:26:50 PM
Serializer Data Processed 	10/02/2021 6:26:50 PM
Serializer Object Parenting Complete 	10/02/2021 6:26:50 PM
Serializer Project Loaded 	10/02/2021 6:26:50 PM
Serializer Back Up Made 	10/02/2021 6:27:11 PM
Serializer Project Saved 	10/02/2021 6:27:11 PM
Serializer Load Data Read 	10/02/2021 6:28:19 PM
Serializer Data Processed 	10/02/2021 6:28:19 PM
Serializer Object Parenting Complete 	10/02/2021 6:28:19 PM
Serializer Project Loaded 	10/02/2021 6:28:19 PM
Serializer Back Up Made 	10/02/2021 6:28:28 PM
Serializer Project Saved 	10/02/2021 6:28:28 PM
Serializer Load Data Read 	10/02/2021 6:28:38 PM
Serializer Data Processed 	10/02/2021 6:28:38 PM
Serializer Object Parenting Complete 	10/02/2021 6:28:38 PM
Serializer Project Loaded 	10/02/2021 6:28:38 PM
Serializer Back Up Made 	10/02/2021 6:28:42 PM
Serializer Project Saved 	10/02/2021 6:28:42 PM
Serializer Load Data Read 	10/02/2021 6:28:56 PM
Serializer Data Processed 	10/02/2021 6:28:56 PM
Serializer Object Parenting Complete 	10/02/2021 6:28:56 PM
Serializer Project Loaded 	10/02/2021 6:28:56 PM
Serializer Back Up Made 	10/02/2021 6:29:02 PM
Serializer Project Saved 	10/02/2021 6:29:02 PM
Serializer Load Data Read 	10/02/2021 6:29:17 PM
Serializer Data Processed 	10/02/2021 6:29:17 PM
Serializer Object Parenting Complete 	10/02/2021 6:29:17 PM
Serializer Project Loaded 	10/02/2021 6:29:17 PM
Serializer Back Up Made 	10/02/2021 6:29:23 PM
Serializer Project Saved 	10/02/2021 6:29:23 PM
Serializer Load Data Read 	10/02/2021 6:53:10 PM
Serializer Data Processed 	10/02/2021 6:53:10 PM
Serializer Object Parenting Complete 	10/02/2021 6:53:10 PM
Serializer Project Loaded 	10/02/2021 6:53:10 PM
Serializer Back Up Made 	10/02/2021 6:53:20 PM
Serializer Project Saved 	10/02/2021 6:53:20 PM
Serializer Load Data Read 	10/02/2021 6:53:34 PM
Serializer Data Processed 	10/02/2021 6:53:34 PM
Serializer Object Parenting Complete 	10/02/2021 6:53:34 PM
Serializer Project Loaded 	10/02/2021 6:53:34 PM
Serializer Back Up Made 	10/02/2021 6:53:43 PM
Serializer Project Saved 	10/02/2021 6:53:43 PM
Serializer Load Data Read 	10/02/2021 6:54:00 PM
Serializer Data Processed 	10/02/2021 6:54:00 PM
Serializer Object Parenting Complete 	10/02/2021 6:54:00 PM
Serializer Project Loaded 	10/02/2021 6:54:00 PM
Serializer Back Up Made 	10/02/2021 6:54:10 PM
Serializer Project Saved 	10/02/2021 6:54:10 PM
Serializer Load Data Read 	10/02/2021 6:54:35 PM
Serializer Data Processed 	10/02/2021 6:54:35 PM
Serializer Object Parenting Complete 	10/02/2021 6:54:35 PM
Serializer Project Loaded 	10/02/2021 6:54:35 PM
Serializer Back Up Made 	10/02/2021 6:54:45 PM
Serializer Project Saved 	10/02/2021 6:54:45 PM
Serializer Load Data Read 	10/02/2021 6:56:01 PM
Serializer Data Processed 	10/02/2021 6:56:01 PM
Serializer Object Parenting Complete 	10/02/2021 6:56:01 PM
Serializer Project Loaded 	10/02/2021 6:56:01 PM
Serializer Back Up Made 	10/02/2021 6:56:07 PM
Serializer Project Saved 	10/02/2021 6:56:07 PM
Serializer Load Data Read 	10/02/2021 6:56:26 PM
Serializer Data Processed 	10/02/2021 6:56:26 PM
Serializer Object Parenting Complete 	10/02/2021 6:56:26 PM
Serializer Project Loaded 	10/02/2021 6:56:26 PM
Serializer Back Up Made 	10/02/2021 6:56:32 PM
Serializer Project Saved 	10/02/2021 6:56:32 PM
Serializer Load Data Read 	10/02/2021 6:57:14 PM
Serializer Data Processed 	10/02/2021 6:57:14 PM
Serializer Object Parenting Complete 	10/02/2021 6:57:15 PM
Serializer Project Loaded 	10/02/2021 6:57:15 PM
Serializer Back Up Made 	10/02/2021 6:57:24 PM
Serializer Project Saved 	10/02/2021 6:57:24 PM
Serializer Load Data Read 	10/02/2021 6:57:33 PM
Serializer Data Processed 	10/02/2021 6:57:33 PM
Serializer Object Parenting Complete 	10/02/2021 6:57:33 PM
Serializer Project Loaded 	10/02/2021 6:57:33 PM
Serializer Back Up Made 	10/02/2021 6:57:37 PM
Serializer Project Saved 	10/02/2021 6:57:37 PM
Serializer Load Data Read 	10/02/2021 6:57:57 PM
Serializer Data Processed 	10/02/2021 6:57:57 PM
Serializer Object Parenting Complete 	10/02/2021 6:57:57 PM
Serializer Project Loaded 	10/02/2021 6:57:57 PM
Serializer Back Up Made 	10/02/2021 6:58:02 PM
Serializer Project Saved 	10/02/2021 6:58:02 PM
Serializer Load Data Read 	10/02/2021 6:58:15 PM
Serializer Data Processed 	10/02/2021 6:58:15 PM
Serializer Object Parenting Complete 	10/02/2021 6:58:15 PM
Serializer Project Loaded 	10/02/2021 6:58:15 PM
Serializer Back Up Made 	10/02/2021 6:58:25 PM
Serializer Project Saved 	10/02/2021 6:58:25 PM
Serializer Load Data Read 	10/02/2021 6:58:35 PM
Serializer Data Processed 	10/02/2021 6:58:35 PM
Serializer Object Parenting Complete 	10/02/2021 6:58:35 PM
Serializer Project Loaded 	10/02/2021 6:58:35 PM
Serializer Back Up Made 	10/02/2021 6:58:41 PM
Serializer Project Saved 	10/02/2021 6:58:41 PM
Serializer Load Data Read 	10/02/2021 6:58:52 PM
Serializer Data Processed 	10/02/2021 6:58:52 PM
Serializer Object Parenting Complete 	10/02/2021 6:58:52 PM
Serializer Project Loaded 	10/02/2021 6:58:52 PM
Serializer Back Up Made 	10/02/2021 6:59:03 PM
Serializer Project Saved 	10/02/2021 6:59:03 PM
Serializer Load Data Read 	10/02/2021 7:00:28 PM
Serializer Data Processed 	10/02/2021 7:00:28 PM
Serializer Object Parenting Complete 	10/02/2021 7:00:28 PM
Serializer Project Loaded 	10/02/2021 7:00:28 PM
Serializer Back Up Made 	10/02/2021 7:00:32 PM
Serializer Project Saved 	10/02/2021 7:00:32 PM
Serializer Load Data Read 	10/02/2021 7:00:50 PM
Serializer Data Processed 	10/02/2021 7:00:50 PM
Serializer Object Parenting Complete 	10/02/2021 7:00:50 PM
Serializer Project Loaded 	10/02/2021 7:00:50 PM
Serializer Back Up Made 	10/02/2021 7:00:54 PM
Serializer Project Saved 	10/02/2021 7:00:54 PM
Serializer Load Data Read 	10/02/2021 7:01:03 PM
Serializer Data Processed 	10/02/2021 7:01:03 PM
Serializer Object Parenting Complete 	10/02/2021 7:01:03 PM
Serializer Project Loaded 	10/02/2021 7:01:03 PM
Serializer Back Up Made 	10/02/2021 7:01:06 PM
Serializer Project Saved 	10/02/2021 7:01:06 PM
Serializer Load Data Read 	10/02/2021 7:01:23 PM
Serializer Data Processed 	10/02/2021 7:01:23 PM
Serializer Object Parenting Complete 	10/02/2021 7:01:23 PM
Serializer Project Loaded 	10/02/2021 7:01:23 PM
Serializer Back Up Made 	10/02/2021 7:01:28 PM
Serializer Project Saved 	10/02/2021 7:01:28 PM
Serializer Load Data Read 	10/02/2021 7:01:47 PM
Serializer Data Processed 	10/02/2021 7:01:47 PM
Serializer Object Parenting Complete 	10/02/2021 7:01:47 PM
Serializer Project Loaded 	10/02/2021 7:01:47 PM
Serializer Back Up Made 	10/02/2021 7:01:53 PM
Serializer Project Saved 	10/02/2021 7:01:53 PM
Serializer Load Data Read 	10/02/2021 7:02:36 PM
Serializer Data Processed 	10/02/2021 7:02:36 PM
Serializer Object Parenting Complete 	10/02/2021 7:02:36 PM
Serializer Project Loaded 	10/02/2021 7:02:36 PM
Serializer Back Up Made 	10/02/2021 7:02:39 PM
Serializer Project Saved 	10/02/2021 7:02:39 PM
Serializer Load Data Read 	10/02/2021 7:02:58 PM
Serializer Data Processed 	10/02/2021 7:02:58 PM
Serializer Object Parenting Complete 	10/02/2021 7:02:58 PM
Serializer Project Loaded 	10/02/2021 7:02:58 PM
Serializer Back Up Made 	10/02/2021 7:03:20 PM
Serializer Project Saved 	10/02/2021 7:03:20 PM
Serializer Load Data Read 	10/02/2021 7:04:30 PM
Serializer Data Processed 	10/02/2021 7:04:30 PM
Serializer Object Parenting Complete 	10/02/2021 7:04:30 PM
Serializer Project Loaded 	10/02/2021 7:04:30 PM
Serializer Back Up Made 	10/02/2021 7:04:33 PM
Serializer Project Saved 	10/02/2021 7:04:33 PM
Serializer Load Data Read 	10/02/2021 7:15:08 PM
Serializer Data Processed 	10/02/2021 7:15:08 PM
Serializer Object Parenting Complete 	10/02/2021 7:15:08 PM
Serializer Project Loaded 	10/02/2021 7:15:08 PM
Serializer Back Up Made 	10/02/2021 7:16:04 PM
Serializer Project Saved 	10/02/2021 7:16:04 PM
Serializer Load Data Read 	10/02/2021 7:16:27 PM
Serializer Data Processed 	10/02/2021 7:16:27 PM
Serializer Object Parenting Complete 	10/02/2021 7:16:27 PM
Serializer Project Loaded 	10/02/2021 7:16:27 PM
Serializer Back Up Made 	10/02/2021 7:16:45 PM
Serializer Project Saved 	10/02/2021 7:16:45 PM
Serializer Load Data Read 	10/02/2021 7:17:11 PM
Serializer Data Processed 	10/02/2021 7:17:11 PM
Serializer Object Parenting Complete 	10/02/2021 7:17:11 PM
Serializer Project Loaded 	10/02/2021 7:17:11 PM
Serializer Back Up Made 	10/02/2021 7:17:20 PM
Serializer Project Saved 	10/02/2021 7:17:20 PM
Serializer Load Data Read 	10/02/2021 7:18:32 PM
Serializer Data Processed 	10/02/2021 7:18:32 PM
Serializer Object Parenting Complete 	10/02/2021 7:18:32 PM
Serializer Project Loaded 	10/02/2021 7:18:32 PM
Serializer Back Up Made 	10/02/2021 7:18:38 PM
Serializer Project Saved 	10/02/2021 7:18:38 PM
Serializer Load Data Read 	10/02/2021 7:18:50 PM
Serializer Data Processed 	10/02/2021 7:18:50 PM
Serializer Object Parenting Complete 	10/02/2021 7:18:50 PM
Serializer Project Loaded 	10/02/2021 7:18:50 PM
Serializer Back Up Made 	10/02/2021 7:18:57 PM
Serializer Project Saved 	10/02/2021 7:18:57 PM
Serializer Load Data Read 	10/02/2021 7:22:10 PM
Serializer Data Processed 	10/02/2021 7:22:10 PM
Serializer Object Parenting Complete 	10/02/2021 7:22:10 PM
Serializer Project Loaded 	10/02/2021 7:22:10 PM
Serializer Back Up Made 	10/02/2021 7:22:48 PM
Serializer Project Saved 	10/02/2021 7:22:48 PM
Serializer Back Up Made 	10/02/2021 7:22:49 PM
Serializer Project Saved 	10/02/2021 7:22:49 PM
Serializer Load Data Read 	10/02/2021 8:07:22 PM
Serializer Data Processed 	10/02/2021 8:07:22 PM
Serializer Object Parenting Complete 	10/02/2021 8:07:22 PM
Serializer Project Loaded 	10/02/2021 8:07:22 PM
Serializer Back Up Made 	10/02/2021 8:08:23 PM
Serializer Project Saved 	10/02/2021 8:08:23 PM
Serializer Load Data Read 	10/02/2021 8:10:12 PM
Serializer Data Processed 	10/02/2021 8:10:12 PM
Serializer Object Parenting Complete 	10/02/2021 8:10:12 PM
Serializer Project Loaded 	10/02/2021 8:10:12 PM
Serializer Back Up Made 	10/02/2021 8:10:54 PM
Serializer Project Saved 	10/02/2021 8:10:54 PM
Serializer Load Data Read 	10/02/2021 8:11:35 PM
Serializer Data Processed 	10/02/2021 8:11:35 PM
Serializer Object Parenting Complete 	10/02/2021 8:11:35 PM
Serializer Project Loaded 	10/02/2021 8:11:35 PM
Serializer Back Up Made 	10/02/2021 8:11:55 PM
Serializer Project Saved 	10/02/2021 8:11:55 PM
Serializer Load Data Read 	10/02/2021 8:12:00 PM
Serializer Data Processed 	10/02/2021 8:12:00 PM
Serializer Object Parenting Complete 	10/02/2021 8:12:00 PM
Serializer Project Loaded 	10/02/2021 8:12:00 PM
Serializer Back Up Made 	10/02/2021 8:12:08 PM
Serializer Project Saved 	10/02/2021 8:12:08 PM
Serializer Load Data Read 	10/02/2021 8:12:56 PM
Serializer Data Processed 	10/02/2021 8:12:56 PM
Serializer Object Parenting Complete 	10/02/2021 8:12:56 PM
Serializer Project Loaded 	10/02/2021 8:12:56 PM
Serializer Back Up Made 	10/02/2021 8:13:22 PM
Serializer Project Saved 	10/02/2021 8:13:22 PM
Serializer Load Data Read 	11/02/2021 9:31:25 AM
Serializer Data Processed 	11/02/2021 9:31:25 AM
Serializer Object Parenting Complete 	11/02/2021 9:31:25 AM
Serializer Project Loaded 	11/02/2021 9:31:25 AM
Serializer Back Up Made 	11/02/2021 9:34:53 AM
Serializer Project Saved 	11/02/2021 9:34:53 AM
Serializer Load Data Read 	11/02/2021 1:11:06 PM
Serializer Data Processed 	11/02/2021 1:11:06 PM
Serializer Object Parenting Complete 	11/02/2021 1:11:06 PM
Serializer Project Loaded 	11/02/2021 1:11:06 PM
Serializer Back Up Made 	11/02/2021 1:11:16 PM
Serializer Project Saved 	11/02/2021 1:11:16 PM
Serializer Load Data Read 	11/02/2021 1:28:12 PM
Serializer Data Processed 	11/02/2021 1:28:12 PM
Serializer Object Parenting Complete 	11/02/2021 1:28:12 PM
Serializer Project Loaded 	11/02/2021 1:28:12 PM
Serializer Back Up Made 	11/02/2021 1:28:17 PM
Serializer Project Saved 	11/02/2021 1:28:17 PM
Serializer Load Data Read 	11/02/2021 1:28:20 PM
Serializer Data Processed 	11/02/2021 1:28:20 PM
Serializer Object Parenting Complete 	11/02/2021 1:28:20 PM
Serializer Project Loaded 	11/02/2021 1:28:20 PM
Serializer Back Up Made 	11/02/2021 1:28:22 PM
Serializer Project Saved 	11/02/2021 1:28:22 PM
