Serializer Back Up Made 	24/01/2021 2:45:59 PM
Serializer Project Saved 	24/01/2021 2:45:59 PM
Serializer Load Data Read 	24/01/2021 2:46:02 PM
Serializer Data Processed 	24/01/2021 2:46:02 PM
Serializer Object Parenting Complete 	24/01/2021 2:46:02 PM
Serializer Project Loaded 	24/01/2021 2:46:02 PM
Serializer Load Data Read 	24/01/2021 2:47:20 PM
Serializer Data Processed 	24/01/2021 2:47:20 PM
Serializer Object Parenting Complete 	24/01/2021 2:47:20 PM
Serializer Project Loaded 	24/01/2021 2:47:20 PM
Serializer Load Data Read 	24/01/2021 2:48:31 PM
Serializer Data Processed 	24/01/2021 2:48:31 PM
Serializer Object Parenting Complete 	24/01/2021 2:48:31 PM
Serializer Project Loaded 	24/01/2021 2:48:31 PM
Serializer Back Up Made 	24/01/2021 2:48:48 PM
Serializer Project Saved 	24/01/2021 2:48:48 PM
Serializer Back Up Made 	24/01/2021 2:49:06 PM
Serializer Project Saved 	24/01/2021 2:49:06 PM
Serializer Load Data Read 	11/02/2021 10:29:25 AM
Serializer Data Processed 	11/02/2021 10:29:25 AM
Serializer Object Parenting Complete 	11/02/2021 10:29:25 AM
Serializer Project Loaded 	11/02/2021 10:29:25 AM
Serializer Back Up Made 	11/02/2021 10:29:46 AM
Serializer Project Saved 	11/02/2021 10:29:46 AM
Serializer Load Data Read 	11/02/2021 10:31:31 AM
Serializer Data Processed 	11/02/2021 10:31:31 AM
Serializer Object Parenting Complete 	11/02/2021 10:31:31 AM
Serializer Project Loaded 	11/02/2021 10:31:31 AM
Serializer Back Up Made 	11/02/2021 10:34:29 AM
Serializer Project Saved 	11/02/2021 10:34:29 AM
Serializer Load Data Read 	11/02/2021 10:35:56 AM
Serializer Data Processed 	11/02/2021 10:35:56 AM
Serializer Object Parenting Complete 	11/02/2021 10:35:56 AM
Serializer Project Loaded 	11/02/2021 10:35:56 AM
Serializer Back Up Made 	11/02/2021 10:36:18 AM
Serializer Project Saved 	11/02/2021 10:36:18 AM
Serializer Load Data Read 	11/02/2021 10:36:53 AM
Serializer Data Processed 	11/02/2021 10:36:53 AM
Serializer Object Parenting Complete 	11/02/2021 10:36:53 AM
Serializer Project Loaded 	11/02/2021 10:36:53 AM
Serializer Back Up Made 	11/02/2021 10:36:58 AM
Serializer Project Saved 	11/02/2021 10:36:58 AM
Serializer Load Data Read 	11/02/2021 10:38:24 AM
Serializer Data Processed 	11/02/2021 10:38:24 AM
Serializer Object Parenting Complete 	11/02/2021 10:38:24 AM
Serializer Project Loaded 	11/02/2021 10:38:24 AM
Serializer Back Up Made 	11/02/2021 10:38:39 AM
Serializer Project Saved 	11/02/2021 10:38:39 AM
Serializer Load Data Read 	11/02/2021 10:39:43 AM
Serializer Data Processed 	11/02/2021 10:39:43 AM
Serializer Object Parenting Complete 	11/02/2021 10:39:43 AM
Serializer Project Loaded 	11/02/2021 10:39:43 AM
Serializer Back Up Made 	11/02/2021 10:39:53 AM
Serializer Project Saved 	11/02/2021 10:39:53 AM
Serializer Load Data Read 	11/02/2021 10:40:15 AM
Serializer Data Processed 	11/02/2021 10:40:15 AM
Serializer Object Parenting Complete 	11/02/2021 10:40:15 AM
Serializer Project Loaded 	11/02/2021 10:40:15 AM
Serializer Back Up Made 	11/02/2021 10:40:21 AM
Serializer Project Saved 	11/02/2021 10:40:21 AM
Serializer Load Data Read 	11/02/2021 10:45:46 AM
Serializer Data Processed 	11/02/2021 10:45:46 AM
Serializer Object Parenting Complete 	11/02/2021 10:45:46 AM
Serializer Project Loaded 	11/02/2021 10:45:46 AM
Serializer Back Up Made 	11/02/2021 10:45:52 AM
Serializer Project Saved 	11/02/2021 10:45:52 AM
Serializer Load Data Read 	11/02/2021 10:57:49 AM
Serializer Data Processed 	11/02/2021 10:57:49 AM
Serializer Object Parenting Complete 	11/02/2021 10:57:49 AM
Serializer Project Loaded 	11/02/2021 10:57:49 AM
Serializer Back Up Made 	11/02/2021 10:57:50 AM
Serializer Project Saved 	11/02/2021 10:57:50 AM
Serializer Load Data Read 	11/02/2021 11:14:41 AM
Serializer Data Processed 	11/02/2021 11:14:41 AM
Serializer Object Parenting Complete 	11/02/2021 11:14:41 AM
Serializer Project Loaded 	11/02/2021 11:14:41 AM
Serializer Back Up Made 	11/02/2021 11:15:08 AM
Serializer Project Saved 	11/02/2021 11:15:08 AM
Serializer Load Data Read 	11/02/2021 11:16:31 AM
Serializer Data Processed 	11/02/2021 11:16:31 AM
Serializer Object Parenting Complete 	11/02/2021 11:16:31 AM
Serializer Project Loaded 	11/02/2021 11:16:31 AM
Serializer Back Up Made 	11/02/2021 11:16:38 AM
Serializer Project Saved 	11/02/2021 11:16:38 AM
Serializer Load Data Read 	11/02/2021 11:17:03 AM
Serializer Data Processed 	11/02/2021 11:17:03 AM
Serializer Object Parenting Complete 	11/02/2021 11:17:03 AM
Serializer Project Loaded 	11/02/2021 11:17:03 AM
Serializer Back Up Made 	11/02/2021 11:17:23 AM
Serializer Project Saved 	11/02/2021 11:17:23 AM
Serializer Load Data Read 	11/02/2021 12:54:55 PM
Serializer Data Processed 	11/02/2021 12:54:55 PM
Serializer Object Parenting Complete 	11/02/2021 12:54:55 PM
Serializer Project Loaded 	11/02/2021 12:54:55 PM
Serializer Back Up Made 	11/02/2021 12:55:02 PM
Serializer Project Saved 	11/02/2021 12:55:02 PM
Serializer Load Data Read 	11/02/2021 12:55:39 PM
Serializer Data Processed 	11/02/2021 12:55:39 PM
Serializer Object Parenting Complete 	11/02/2021 12:55:39 PM
Serializer Project Loaded 	11/02/2021 12:55:39 PM
Serializer Back Up Made 	11/02/2021 12:55:55 PM
Serializer Project Saved 	11/02/2021 12:55:55 PM
Serializer Load Data Read 	11/02/2021 1:25:03 PM
Serializer Data Processed 	11/02/2021 1:25:03 PM
Serializer Object Parenting Complete 	11/02/2021 1:25:03 PM
Serializer Project Loaded 	11/02/2021 1:25:03 PM
Serializer Load Data Read 	11/02/2021 1:26:49 PM
Serializer Data Processed 	11/02/2021 1:26:49 PM
Serializer Object Parenting Complete 	11/02/2021 1:26:49 PM
Serializer Project Loaded 	11/02/2021 1:26:49 PM
Serializer Load Data Read 	11/02/2021 2:20:23 PM
Serializer Data Processed 	11/02/2021 2:20:23 PM
Serializer Object Parenting Complete 	11/02/2021 2:20:23 PM
Serializer Project Loaded 	11/02/2021 2:20:23 PM
